Start testing: Oct 12 12:37 EDT
----------------------------------------------------------
Unable to find executable: simple_test
1/1 Testing: simple_test
1/1 Test: simple_test
Command: ""
Directory: /home/jeseco/42/Philosopher/test
"simple_test" start time: 
Output:
----------------------------------------------------------
<end of output>
Test time =   0.00 sec
----------------------------------------------------------
Test Passed.
"simple_test" end time: Oct 12 12:37 EDT
"simple_test" time elapsed: 00:00:00
----------------------------------------------------------

End testing: Oct 12 12:37 EDT
